The system is: Linux - 3.12.32-1-ARCH - armv6l
Compiling the C compiler identification source file "CMakeCCompilerId.c" succeeded.
Compiler: /usr/bin/cc 
Build flags: 
Id flags: 

The output was:
0


Compilation of the C compiler identification source "CMakeCCompilerId.c" produced "a.out"

The C compiler identification is GNU, found in "/home/shares/public/GitHello/CMakeFiles/3.0.2/CompilerIdC/a.out"

Compiling the CXX compiler identification source file "CMakeCXXCompilerId.cpp" succeeded.
Compiler: /usr/bin/c++ 
Build flags: 
Id flags: 

The output was:
0


Compilation of the CXX compiler identification source "CMakeCXXCompilerId.cpp" produced "a.out"

The CXX compiler identification is GNU, found in "/home/shares/public/GitHello/CMakeFiles/3.0.2/CompilerIdCXX/a.out"

Determining if the C compiler works passed with the following output:
Change Dir: /home/shares/public/GitHello/CMakeFiles/CMakeTmp

Run Build Command:"/usr/bin/make" "cmTryCompileExec1651895680/fast"
/usr/bin/make -f CMakeFiles/cmTryCompileExec1651895680.dir/build.make CMakeFiles/cmTryCompileExec1651895680.dir/build
make[1]: Entering directory '/home/shares/public/GitHello/CMakeFiles/CMakeTmp'
/usr/bin/cmake -E cmake_progress_report /home/shares/public/GitHello/CMakeFiles/CMakeTmp/CMakeFiles 1
Building C object CMakeFiles/cmTryCompileExec1651895680.dir/testCCompiler.c.o
/usr/bin/cc    -o CMakeFiles/cmTryCompileExec1651895680.dir/testCCompiler.c.o   -c /home/shares/public/GitHello/CMakeFiles/CMakeTmp/testCCompiler.c
Linking C executable cmTryCompileExec1651895680
/usr/bin/cmake -E cmake_link_script CMakeFiles/cmTryCompileExec1651895680.dir/link.txt --verbose=1
/usr/bin/cc       CMakeFiles/cmTryCompileExec1651895680.dir/testCCompiler.c.o  -o cmTryCompileExec1651895680 -rdynamic 
make[1]: Leaving directory '/home/shares/public/GitHello/CMakeFiles/CMakeTmp'


Detecting C compiler ABI info compiled with the following output:
Change Dir: /home/shares/public/GitHello/CMakeFiles/CMakeTmp

Run Build Command:"/usr/bin/make" "cmTryCompileExec1475473199/fast"
/usr/bin/make -f CMakeFiles/cmTryCompileExec1475473199.dir/build.make CMakeFiles/cmTryCompileExec1475473199.dir/build
make[1]: Entering directory '/home/shares/public/GitHello/CMakeFiles/CMakeTmp'
/usr/bin/cmake -E cmake_progress_report /home/shares/public/GitHello/CMakeFiles/CMakeTmp/CMakeFiles 1
Building C object CMakeFiles/cmTryCompileExec1475473199.dir/CMakeCCompilerABI.c.o
/usr/bin/cc    -o CMakeFiles/cmTryCompileExec1475473199.dir/CMakeCCompilerABI.c.o   -c /usr/share/cmake-3.0/Modules/CMakeCCompilerABI.c
Linking C executable cmTryCompileExec1475473199
/usr/bin/cmake -E cmake_link_script CMakeFiles/cmTryCompileExec1475473199.dir/link.txt --verbose=1
/usr/bin/cc     -v CMakeFiles/cmTryCompileExec1475473199.dir/CMakeCCompilerABI.c.o  -o cmTryCompileExec1475473199 -rdynamic  
Using built-in specs.
COLLECT_GCC=/usr/bin/cc
COLLECT_LTO_WRAPPER=/usr/lib/gcc/armv6l-unknown-linux-gnueabihf/4.9.2/lto-wrapper
Target: armv6l-unknown-linux-gnueabihf
Configured with: /build/gcc/src/gcc-4.9.2/configure --prefix=/usr --libdir=/usr/lib --libexecdir=/usr/lib --mandir=/usr/share/man --infodir=/usr/share/info --with-bugurl=https://github.com/archlinuxarm/PKGBUILDs/issues --enable-languages=c,c++,fortran,go,lto,objc,obj-c++ --enable-shared --enable-threads=posix --with-system-zlib --enable-__cxa_atexit --disable-libunwind-exceptions --enable-clocale=gnu --disable-libstdcxx-pch --disable-libssp --enable-gnu-unique-object --enable-linker-build-id --enable-cloog-backend=isl --enable-lto --enable-plugin --enable-install-libiberty --with-linker-hash-style=gnu --disable-multilib --disable-werror --enable-checking=release --host=armv6l-unknown-linux-gnueabihf --build=armv6l-unknown-linux-gnueabihf --with-arch=armv6 --with-float=hard --with-fpu=vfp
Thread model: posix
gcc version 4.9.2 (GCC) 
COMPILER_PATH=/usr/lib/gcc/armv6l-unknown-linux-gnueabihf/4.9.2/:/usr/lib/gcc/armv6l-unknown-linux-gnueabihf/4.9.2/:/usr/lib/gcc/armv6l-unknown-linux-gnueabihf/:/usr/lib/gcc/armv6l-unknown-linux-gnueabihf/4.9.2/:/usr/lib/gcc/armv6l-unknown-linux-gnueabihf/
LIBRARY_PATH=/usr/lib/gcc/armv6l-unknown-linux-gnueabihf/4.9.2/:/usr/lib/gcc/armv6l-unknown-linux-gnueabihf/4.9.2/../../../:/lib/:/usr/lib/
COLLECT_GCC_OPTIONS='-v' '-o' 'cmTryCompileExec1475473199' '-rdynamic' '-march=armv6' '-mfloat-abi=hard' '-mfpu=vfp' '-mtls-dialect=gnu'
 /usr/lib/gcc/armv6l-unknown-linux-gnueabihf/4.9.2/collect2 -plugin /usr/lib/gcc/armv6l-unknown-linux-gnueabihf/4.9.2/liblto_plugin.so -plugin-opt=/usr/lib/gcc/armv6l-unknown-linux-gnueabihf/4.9.2/lto-wrapper -plugin-opt=-fresolution=/tmp/ccb3PGTx.res -plugin-opt=-pass-through=-lgcc -plugin-opt=-pass-through=-lgcc_s -plugin-opt=-pass-through=-lc -plugin-opt=-pass-through=-lgcc -plugin-opt=-pass-through=-lgcc_s --build-id --eh-frame-hdr --hash-style=gnu -export-dynamic -dynamic-linker /lib/ld-linux-armhf.so.3 -X -m armelf_linux_eabi -o cmTryCompileExec1475473199 /usr/lib/gcc/armv6l-unknown-linux-gnueabihf/4.9.2/../../../crt1.o /usr/lib/gcc/armv6l-unknown-linux-gnueabihf/4.9.2/../../../crti.o /usr/lib/gcc/armv6l-unknown-linux-gnueabihf/4.9.2/crtbegin.o -L/usr/lib/gcc/armv6l-unknown-linux-gnueabihf/4.9.2 -L/usr/lib/gcc/armv6l-unknown-linux-gnueabihf/4.9.2/../../.. CMakeFiles/cmTryCompileExec1475473199.dir/CMakeCCompilerABI.c.o -lgcc --as-needed -lgcc_s --no-as-needed -lc -lgcc --as-needed -lgcc_s --no-as-needed /usr/lib/gcc/armv6l-unknown-linux-gnueabihf/4.9.2/crtend.o /usr/lib/gcc/armv6l-unknown-linux-gnueabihf/4.9.2/../../../crtn.o
make[1]: Leaving directory '/home/shares/public/GitHello/CMakeFiles/CMakeTmp'


Parsed C implicit link information from above output:
  link line regex: [^( *|.*[/\])(ld|([^/\]+-)?ld|collect2)[^/\]*( |$)]
  ignore line: [Change Dir: /home/shares/public/GitHello/CMakeFiles/CMakeTmp]
  ignore line: []
  ignore line: [Run Build Command:"/usr/bin/make" "cmTryCompileExec1475473199/fast"]
  ignore line: [/usr/bin/make -f CMakeFiles/cmTryCompileExec1475473199.dir/build.make CMakeFiles/cmTryCompileExec1475473199.dir/build]
  ignore line: [make[1]: Entering directory '/home/shares/public/GitHello/CMakeFiles/CMakeTmp']
  ignore line: [/usr/bin/cmake -E cmake_progress_report /home/shares/public/GitHello/CMakeFiles/CMakeTmp/CMakeFiles 1]
  ignore line: [Building C object CMakeFiles/cmTryCompileExec1475473199.dir/CMakeCCompilerABI.c.o]
  ignore line: [/usr/bin/cc    -o CMakeFiles/cmTryCompileExec1475473199.dir/CMakeCCompilerABI.c.o   -c /usr/share/cmake-3.0/Modules/CMakeCCompilerABI.c]
  ignore line: [Linking C executable cmTryCompileExec1475473199]
  ignore line: [/usr/bin/cmake -E cmake_link_script CMakeFiles/cmTryCompileExec1475473199.dir/link.txt --verbose=1]
  ignore line: [/usr/bin/cc     -v CMakeFiles/cmTryCompileExec1475473199.dir/CMakeCCompilerABI.c.o  -o cmTryCompileExec1475473199 -rdynamic  ]
  ignore line: [Using built-in specs.]
  ignore line: [COLLECT_GCC=/usr/bin/cc]
  ignore line: [COLLECT_LTO_WRAPPER=/usr/lib/gcc/armv6l-unknown-linux-gnueabihf/4.9.2/lto-wrapper]
  ignore line: [Target: armv6l-unknown-linux-gnueabihf]
  ignore line: [Configured with: /build/gcc/src/gcc-4.9.2/configure --prefix=/usr --libdir=/usr/lib --libexecdir=/usr/lib --mandir=/usr/share/man --infodir=/usr/share/info --with-bugurl=https://github.com/archlinuxarm/PKGBUILDs/issues --enable-languages=c,c++,fortran,go,lto,objc,obj-c++ --enable-shared --enable-threads=posix --with-system-zlib --enable-__cxa_atexit --disable-libunwind-exceptions --enable-clocale=gnu --disable-libstdcxx-pch --disable-libssp --enable-gnu-unique-object --enable-linker-build-id --enable-cloog-backend=isl --enable-lto --enable-plugin --enable-install-libiberty --with-linker-hash-style=gnu --disable-multilib --disable-werror --enable-checking=release --host=armv6l-unknown-linux-gnueabihf --build=armv6l-unknown-linux-gnueabihf --with-arch=armv6 --with-float=hard --with-fpu=vfp]
  ignore line: [Thread model: posix]
  ignore line: [gcc version 4.9.2 (GCC) ]
  ignore line: [COMPILER_PATH=/usr/lib/gcc/armv6l-unknown-linux-gnueabihf/4.9.2/:/usr/lib/gcc/armv6l-unknown-linux-gnueabihf/4.9.2/:/usr/lib/gcc/armv6l-unknown-linux-gnueabihf/:/usr/lib/gcc/armv6l-unknown-linux-gnueabihf/4.9.2/:/usr/lib/gcc/armv6l-unknown-linux-gnueabihf/]
  ignore line: [LIBRARY_PATH=/usr/lib/gcc/armv6l-unknown-linux-gnueabihf/4.9.2/:/usr/lib/gcc/armv6l-unknown-linux-gnueabihf/4.9.2/../../../:/lib/:/usr/lib/]
  ignore line: [COLLECT_GCC_OPTIONS='-v' '-o' 'cmTryCompileExec1475473199' '-rdynamic' '-march=armv6' '-mfloat-abi=hard' '-mfpu=vfp' '-mtls-dialect=gnu']
  link line: [ /usr/lib/gcc/armv6l-unknown-linux-gnueabihf/4.9.2/collect2 -plugin /usr/lib/gcc/armv6l-unknown-linux-gnueabihf/4.9.2/liblto_plugin.so -plugin-opt=/usr/lib/gcc/armv6l-unknown-linux-gnueabihf/4.9.2/lto-wrapper -plugin-opt=-fresolution=/tmp/ccb3PGTx.res -plugin-opt=-pass-through=-lgcc -plugin-opt=-pass-through=-lgcc_s -plugin-opt=-pass-through=-lc -plugin-opt=-pass-through=-lgcc -plugin-opt=-pass-through=-lgcc_s --build-id --eh-frame-hdr --hash-style=gnu -export-dynamic -dynamic-linker /lib/ld-linux-armhf.so.3 -X -m armelf_linux_eabi -o cmTryCompileExec1475473199 /usr/lib/gcc/armv6l-unknown-linux-gnueabihf/4.9.2/../../../crt1.o /usr/lib/gcc/armv6l-unknown-linux-gnueabihf/4.9.2/../../../crti.o /usr/lib/gcc/armv6l-unknown-linux-gnueabihf/4.9.2/crtbegin.o -L/usr/lib/gcc/armv6l-unknown-linux-gnueabihf/4.9.2 -L/usr/lib/gcc/armv6l-unknown-linux-gnueabihf/4.9.2/../../.. CMakeFiles/cmTryCompileExec1475473199.dir/CMakeCCompilerABI.c.o -lgcc --as-needed -lgcc_s --no-as-needed -lc -lgcc --as-needed -lgcc_s --no-as-needed /usr/lib/gcc/armv6l-unknown-linux-gnueabihf/4.9.2/crtend.o /usr/lib/gcc/armv6l-unknown-linux-gnueabihf/4.9.2/../../../crtn.o]
    arg [/usr/lib/gcc/armv6l-unknown-linux-gnueabihf/4.9.2/collect2] ==> ignore
    arg [-plugin] ==> ignore
    arg [/usr/lib/gcc/armv6l-unknown-linux-gnueabihf/4.9.2/liblto_plugin.so] ==> ignore
    arg [-plugin-opt=/usr/lib/gcc/armv6l-unknown-linux-gnueabihf/4.9.2/lto-wrapper] ==> ignore
    arg [-plugin-opt=-fresolution=/tmp/ccb3PGTx.res] ==> ignore
    arg [-plugin-opt=-pass-through=-lgcc] ==> ignore
    arg [-plugin-opt=-pass-through=-lgcc_s] ==> ignore
    arg [-plugin-opt=-pass-through=-lc] ==> ignore
    arg [-plugin-opt=-pass-through=-lgcc] ==> ignore
    arg [-plugin-opt=-pass-through=-lgcc_s] ==> ignore
    arg [--build-id] ==> ignore
    arg [--eh-frame-hdr] ==> ignore
    arg [--hash-style=gnu] ==> ignore
    arg [-export-dynamic] ==> ignore
    arg [-dynamic-linker] ==> ignore
    arg [/lib/ld-linux-armhf.so.3] ==> ignore
    arg [-X] ==> ignore
    arg [-m] ==> ignore
    arg [armelf_linux_eabi] ==> ignore
    arg [-o] ==> ignore
    arg [cmTryCompileExec1475473199] ==> ignore
    arg [/usr/lib/gcc/armv6l-unknown-linux-gnueabihf/4.9.2/../../../crt1.o] ==> ignore
    arg [/usr/lib/gcc/armv6l-unknown-linux-gnueabihf/4.9.2/../../../crti.o] ==> ignore
    arg [/usr/lib/gcc/armv6l-unknown-linux-gnueabihf/4.9.2/crtbegin.o] ==> ignore
    arg [-L/usr/lib/gcc/armv6l-unknown-linux-gnueabihf/4.9.2] ==> dir [/usr/lib/gcc/armv6l-unknown-linux-gnueabihf/4.9.2]
    arg [-L/usr/lib/gcc/armv6l-unknown-linux-gnueabihf/4.9.2/../../..] ==> dir [/usr/lib/gcc/armv6l-unknown-linux-gnueabihf/4.9.2/../../..]
    arg [CMakeFiles/cmTryCompileExec1475473199.dir/CMakeCCompilerABI.c.o] ==> ignore
    arg [-lgcc] ==> lib [gcc]
    arg [--as-needed] ==> ignore
    arg [-lgcc_s] ==> lib [gcc_s]
    arg [--no-as-needed] ==> ignore
    arg [-lc] ==> lib [c]
    arg [-lgcc] ==> lib [gcc]
    arg [--as-needed] ==> ignore
    arg [-lgcc_s] ==> lib [gcc_s]
    arg [--no-as-needed] ==> ignore
    arg [/usr/lib/gcc/armv6l-unknown-linux-gnueabihf/4.9.2/crtend.o] ==> ignore
    arg [/usr/lib/gcc/armv6l-unknown-linux-gnueabihf/4.9.2/../../../crtn.o] ==> ignore
  remove lib [gcc]
  remove lib [gcc_s]
  remove lib [gcc]
  remove lib [gcc_s]
  collapse library dir [/usr/lib/gcc/armv6l-unknown-linux-gnueabihf/4.9.2] ==> [/usr/lib/gcc/armv6l-unknown-linux-gnueabihf/4.9.2]
  collapse library dir [/usr/lib/gcc/armv6l-unknown-linux-gnueabihf/4.9.2/../../..] ==> [/usr/lib]
  implicit libs: [c]
  implicit dirs: [/usr/lib/gcc/armv6l-unknown-linux-gnueabihf/4.9.2;/usr/lib]
  implicit fwks: []


Determining if the CXX compiler works passed with the following output:
Change Dir: /home/shares/public/GitHello/CMakeFiles/CMakeTmp

Run Build Command:"/usr/bin/make" "cmTryCompileExec1569979347/fast"
/usr/bin/make -f CMakeFiles/cmTryCompileExec1569979347.dir/build.make CMakeFiles/cmTryCompileExec1569979347.dir/build
make[1]: Entering directory '/home/shares/public/GitHello/CMakeFiles/CMakeTmp'
/usr/bin/cmake -E cmake_progress_report /home/shares/public/GitHello/CMakeFiles/CMakeTmp/CMakeFiles 1
Building CXX object CMakeFiles/cmTryCompileExec1569979347.dir/testCXXCompiler.cxx.o
/usr/bin/c++     -o CMakeFiles/cmTryCompileExec1569979347.dir/testCXXCompiler.cxx.o -c /home/shares/public/GitHello/CMakeFiles/CMakeTmp/testCXXCompiler.cxx
Linking CXX executable cmTryCompileExec1569979347
/usr/bin/cmake -E cmake_link_script CMakeFiles/cmTryCompileExec1569979347.dir/link.txt --verbose=1
/usr/bin/c++        CMakeFiles/cmTryCompileExec1569979347.dir/testCXXCompiler.cxx.o  -o cmTryCompileExec1569979347 -rdynamic 
make[1]: Leaving directory '/home/shares/public/GitHello/CMakeFiles/CMakeTmp'


Detecting CXX compiler ABI info compiled with the following output:
Change Dir: /home/shares/public/GitHello/CMakeFiles/CMakeTmp

Run Build Command:"/usr/bin/make" "cmTryCompileExec1035800912/fast"
/usr/bin/make -f CMakeFiles/cmTryCompileExec1035800912.dir/build.make CMakeFiles/cmTryCompileExec1035800912.dir/build
make[1]: Entering directory '/home/shares/public/GitHello/CMakeFiles/CMakeTmp'
/usr/bin/cmake -E cmake_progress_report /home/shares/public/GitHello/CMakeFiles/CMakeTmp/CMakeFiles 1
Building CXX object CMakeFiles/cmTryCompileExec1035800912.dir/CMakeCXXCompilerABI.cpp.o
/usr/bin/c++     -o CMakeFiles/cmTryCompileExec1035800912.dir/CMakeCXXCompilerABI.cpp.o -c /usr/share/cmake-3.0/Modules/CMakeCXXCompilerABI.cpp
Linking CXX executable cmTryCompileExec1035800912
/usr/bin/cmake -E cmake_link_script CMakeFiles/cmTryCompileExec1035800912.dir/link.txt --verbose=1
/usr/bin/c++      -v CMakeFiles/cmTryCompileExec1035800912.dir/CMakeCXXCompilerABI.cpp.o  -o cmTryCompileExec1035800912 -rdynamic  
Using built-in specs.
COLLECT_GCC=/usr/bin/c++
COLLECT_LTO_WRAPPER=/usr/lib/gcc/armv6l-unknown-linux-gnueabihf/4.9.2/lto-wrapper
Target: armv6l-unknown-linux-gnueabihf
Configured with: /build/gcc/src/gcc-4.9.2/configure --prefix=/usr --libdir=/usr/lib --libexecdir=/usr/lib --mandir=/usr/share/man --infodir=/usr/share/info --with-bugurl=https://github.com/archlinuxarm/PKGBUILDs/issues --enable-languages=c,c++,fortran,go,lto,objc,obj-c++ --enable-shared --enable-threads=posix --with-system-zlib --enable-__cxa_atexit --disable-libunwind-exceptions --enable-clocale=gnu --disable-libstdcxx-pch --disable-libssp --enable-gnu-unique-object --enable-linker-build-id --enable-cloog-backend=isl --enable-lto --enable-plugin --enable-install-libiberty --with-linker-hash-style=gnu --disable-multilib --disable-werror --enable-checking=release --host=armv6l-unknown-linux-gnueabihf --build=armv6l-unknown-linux-gnueabihf --with-arch=armv6 --with-float=hard --with-fpu=vfp
Thread model: posix
gcc version 4.9.2 (GCC) 
COMPILER_PATH=/usr/lib/gcc/armv6l-unknown-linux-gnueabihf/4.9.2/:/usr/lib/gcc/armv6l-unknown-linux-gnueabihf/4.9.2/:/usr/lib/gcc/armv6l-unknown-linux-gnueabihf/:/usr/lib/gcc/armv6l-unknown-linux-gnueabihf/4.9.2/:/usr/lib/gcc/armv6l-unknown-linux-gnueabihf/
LIBRARY_PATH=/usr/lib/gcc/armv6l-unknown-linux-gnueabihf/4.9.2/:/usr/lib/gcc/armv6l-unknown-linux-gnueabihf/4.9.2/../../../:/lib/:/usr/lib/
COLLECT_GCC_OPTIONS='-v' '-o' 'cmTryCompileExec1035800912' '-rdynamic' '-shared-libgcc' '-march=armv6' '-mfloat-abi=hard' '-mfpu=vfp' '-mtls-dialect=gnu'
 /usr/lib/gcc/armv6l-unknown-linux-gnueabihf/4.9.2/collect2 -plugin /usr/lib/gcc/armv6l-unknown-linux-gnueabihf/4.9.2/liblto_plugin.so -plugin-opt=/usr/lib/gcc/armv6l-unknown-linux-gnueabihf/4.9.2/lto-wrapper -plugin-opt=-fresolution=/tmp/cc5qtVTH.res -plugin-opt=-pass-through=-lgcc_s -plugin-opt=-pass-through=-lgcc -plugin-opt=-pass-through=-lc -plugin-opt=-pass-through=-lgcc_s -plugin-opt=-pass-through=-lgcc --build-id --eh-frame-hdr --hash-style=gnu -export-dynamic -dynamic-linker /lib/ld-linux-armhf.so.3 -X -m armelf_linux_eabi -o cmTryCompileExec1035800912 /usr/lib/gcc/armv6l-unknown-linux-gnueabihf/4.9.2/../../../crt1.o /usr/lib/gcc/armv6l-unknown-linux-gnueabihf/4.9.2/../../../crti.o /usr/lib/gcc/armv6l-unknown-linux-gnueabihf/4.9.2/crtbegin.o -L/usr/lib/gcc/armv6l-unknown-linux-gnueabihf/4.9.2 -L/usr/lib/gcc/armv6l-unknown-linux-gnueabihf/4.9.2/../../.. CMakeFiles/cmTryCompileExec1035800912.dir/CMakeCXXCompilerABI.cpp.o -lstdc++ -lm -lgcc_s -lgcc -lc -lgcc_s -lgcc /usr/lib/gcc/armv6l-unknown-linux-gnueabihf/4.9.2/crtend.o /usr/lib/gcc/armv6l-unknown-linux-gnueabihf/4.9.2/../../../crtn.o
make[1]: Leaving directory '/home/shares/public/GitHello/CMakeFiles/CMakeTmp'


Parsed CXX implicit link information from above output:
  link line regex: [^( *|.*[/\])(ld|([^/\]+-)?ld|collect2)[^/\]*( |$)]
  ignore line: [Change Dir: /home/shares/public/GitHello/CMakeFiles/CMakeTmp]
  ignore line: []
  ignore line: [Run Build Command:"/usr/bin/make" "cmTryCompileExec1035800912/fast"]
  ignore line: [/usr/bin/make -f CMakeFiles/cmTryCompileExec1035800912.dir/build.make CMakeFiles/cmTryCompileExec1035800912.dir/build]
  ignore line: [make[1]: Entering directory '/home/shares/public/GitHello/CMakeFiles/CMakeTmp']
  ignore line: [/usr/bin/cmake -E cmake_progress_report /home/shares/public/GitHello/CMakeFiles/CMakeTmp/CMakeFiles 1]
  ignore line: [Building CXX object CMakeFiles/cmTryCompileExec1035800912.dir/CMakeCXXCompilerABI.cpp.o]
  ignore line: [/usr/bin/c++     -o CMakeFiles/cmTryCompileExec1035800912.dir/CMakeCXXCompilerABI.cpp.o -c /usr/share/cmake-3.0/Modules/CMakeCXXCompilerABI.cpp]
  ignore line: [Linking CXX executable cmTryCompileExec1035800912]
  ignore line: [/usr/bin/cmake -E cmake_link_script CMakeFiles/cmTryCompileExec1035800912.dir/link.txt --verbose=1]
  ignore line: [/usr/bin/c++      -v CMakeFiles/cmTryCompileExec1035800912.dir/CMakeCXXCompilerABI.cpp.o  -o cmTryCompileExec1035800912 -rdynamic  ]
  ignore line: [Using built-in specs.]
  ignore line: [COLLECT_GCC=/usr/bin/c++]
  ignore line: [COLLECT_LTO_WRAPPER=/usr/lib/gcc/armv6l-unknown-linux-gnueabihf/4.9.2/lto-wrapper]
  ignore line: [Target: armv6l-unknown-linux-gnueabihf]
  ignore line: [Configured with: /build/gcc/src/gcc-4.9.2/configure --prefix=/usr --libdir=/usr/lib --libexecdir=/usr/lib --mandir=/usr/share/man --infodir=/usr/share/info --with-bugurl=https://github.com/archlinuxarm/PKGBUILDs/issues --enable-languages=c,c++,fortran,go,lto,objc,obj-c++ --enable-shared --enable-threads=posix --with-system-zlib --enable-__cxa_atexit --disable-libunwind-exceptions --enable-clocale=gnu --disable-libstdcxx-pch --disable-libssp --enable-gnu-unique-object --enable-linker-build-id --enable-cloog-backend=isl --enable-lto --enable-plugin --enable-install-libiberty --with-linker-hash-style=gnu --disable-multilib --disable-werror --enable-checking=release --host=armv6l-unknown-linux-gnueabihf --build=armv6l-unknown-linux-gnueabihf --with-arch=armv6 --with-float=hard --with-fpu=vfp]
  ignore line: [Thread model: posix]
  ignore line: [gcc version 4.9.2 (GCC) ]
  ignore line: [COMPILER_PATH=/usr/lib/gcc/armv6l-unknown-linux-gnueabihf/4.9.2/:/usr/lib/gcc/armv6l-unknown-linux-gnueabihf/4.9.2/:/usr/lib/gcc/armv6l-unknown-linux-gnueabihf/:/usr/lib/gcc/armv6l-unknown-linux-gnueabihf/4.9.2/:/usr/lib/gcc/armv6l-unknown-linux-gnueabihf/]
  ignore line: [LIBRARY_PATH=/usr/lib/gcc/armv6l-unknown-linux-gnueabihf/4.9.2/:/usr/lib/gcc/armv6l-unknown-linux-gnueabihf/4.9.2/../../../:/lib/:/usr/lib/]
  ignore line: [COLLECT_GCC_OPTIONS='-v' '-o' 'cmTryCompileExec1035800912' '-rdynamic' '-shared-libgcc' '-march=armv6' '-mfloat-abi=hard' '-mfpu=vfp' '-mtls-dialect=gnu']
  link line: [ /usr/lib/gcc/armv6l-unknown-linux-gnueabihf/4.9.2/collect2 -plugin /usr/lib/gcc/armv6l-unknown-linux-gnueabihf/4.9.2/liblto_plugin.so -plugin-opt=/usr/lib/gcc/armv6l-unknown-linux-gnueabihf/4.9.2/lto-wrapper -plugin-opt=-fresolution=/tmp/cc5qtVTH.res -plugin-opt=-pass-through=-lgcc_s -plugin-opt=-pass-through=-lgcc -plugin-opt=-pass-through=-lc -plugin-opt=-pass-through=-lgcc_s -plugin-opt=-pass-through=-lgcc --build-id --eh-frame-hdr --hash-style=gnu -export-dynamic -dynamic-linker /lib/ld-linux-armhf.so.3 -X -m armelf_linux_eabi -o cmTryCompileExec1035800912 /usr/lib/gcc/armv6l-unknown-linux-gnueabihf/4.9.2/../../../crt1.o /usr/lib/gcc/armv6l-unknown-linux-gnueabihf/4.9.2/../../../crti.o /usr/lib/gcc/armv6l-unknown-linux-gnueabihf/4.9.2/crtbegin.o -L/usr/lib/gcc/armv6l-unknown-linux-gnueabihf/4.9.2 -L/usr/lib/gcc/armv6l-unknown-linux-gnueabihf/4.9.2/../../.. CMakeFiles/cmTryCompileExec1035800912.dir/CMakeCXXCompilerABI.cpp.o -lstdc++ -lm -lgcc_s -lgcc -lc -lgcc_s -lgcc /usr/lib/gcc/armv6l-unknown-linux-gnueabihf/4.9.2/crtend.o /usr/lib/gcc/armv6l-unknown-linux-gnueabihf/4.9.2/../../../crtn.o]
    arg [/usr/lib/gcc/armv6l-unknown-linux-gnueabihf/4.9.2/collect2] ==> ignore
    arg [-plugin] ==> ignore
    arg [/usr/lib/gcc/armv6l-unknown-linux-gnueabihf/4.9.2/liblto_plugin.so] ==> ignore
    arg [-plugin-opt=/usr/lib/gcc/armv6l-unknown-linux-gnueabihf/4.9.2/lto-wrapper] ==> ignore
    arg [-plugin-opt=-fresolution=/tmp/cc5qtVTH.res] ==> ignore
    arg [-plugin-opt=-pass-through=-lgcc_s] ==> ignore
    arg [-plugin-opt=-pass-through=-lgcc] ==> ignore
    arg [-plugin-opt=-pass-through=-lc] ==> ignore
    arg [-plugin-opt=-pass-through=-lgcc_s] ==> ignore
    arg [-plugin-opt=-pass-through=-lgcc] ==> ignore
    arg [--build-id] ==> ignore
    arg [--eh-frame-hdr] ==> ignore
    arg [--hash-style=gnu] ==> ignore
    arg [-export-dynamic] ==> ignore
    arg [-dynamic-linker] ==> ignore
    arg [/lib/ld-linux-armhf.so.3] ==> ignore
    arg [-X] ==> ignore
    arg [-m] ==> ignore
    arg [armelf_linux_eabi] ==> ignore
    arg [-o] ==> ignore
    arg [cmTryCompileExec1035800912] ==> ignore
    arg [/usr/lib/gcc/armv6l-unknown-linux-gnueabihf/4.9.2/../../../crt1.o] ==> ignore
    arg [/usr/lib/gcc/armv6l-unknown-linux-gnueabihf/4.9.2/../../../crti.o] ==> ignore
    arg [/usr/lib/gcc/armv6l-unknown-linux-gnueabihf/4.9.2/crtbegin.o] ==> ignore
    arg [-L/usr/lib/gcc/armv6l-unknown-linux-gnueabihf/4.9.2] ==> dir [/usr/lib/gcc/armv6l-unknown-linux-gnueabihf/4.9.2]
    arg [-L/usr/lib/gcc/armv6l-unknown-linux-gnueabihf/4.9.2/../../..] ==> dir [/usr/lib/gcc/armv6l-unknown-linux-gnueabihf/4.9.2/../../..]
    arg [CMakeFiles/cmTryCompileExec1035800912.dir/CMakeCXXCompilerABI.cpp.o] ==> ignore
    arg [-lstdc++] ==> lib [stdc++]
    arg [-lm] ==> lib [m]
    arg [-lgcc_s] ==> lib [gcc_s]
    arg [-lgcc] ==> lib [gcc]
    arg [-lc] ==> lib [c]
    arg [-lgcc_s] ==> lib [gcc_s]
    arg [-lgcc] ==> lib [gcc]
    arg [/usr/lib/gcc/armv6l-unknown-linux-gnueabihf/4.9.2/crtend.o] ==> ignore
    arg [/usr/lib/gcc/armv6l-unknown-linux-gnueabihf/4.9.2/../../../crtn.o] ==> ignore
  remove lib [gcc_s]
  remove lib [gcc]
  remove lib [gcc_s]
  remove lib [gcc]
  collapse library dir [/usr/lib/gcc/armv6l-unknown-linux-gnueabihf/4.9.2] ==> [/usr/lib/gcc/armv6l-unknown-linux-gnueabihf/4.9.2]
  collapse library dir [/usr/lib/gcc/armv6l-unknown-linux-gnueabihf/4.9.2/../../..] ==> [/usr/lib]
  implicit libs: [stdc++;m;c]
  implicit dirs: [/usr/lib/gcc/armv6l-unknown-linux-gnueabihf/4.9.2;/usr/lib]
  implicit fwks: []


Performing C++ SOURCE FILE Test HAS_CXX11_FLAG succeded with the following output:
Change Dir: /home/shares/public/GitHello/CMakeFiles/CMakeTmp

Run Build Command:"/usr/bin/make" "cmTryCompileExec1043470658/fast"
/usr/bin/make -f CMakeFiles/cmTryCompileExec1043470658.dir/build.make CMakeFiles/cmTryCompileExec1043470658.dir/build
make[1]: Entering directory '/home/shares/public/GitHello/CMakeFiles/CMakeTmp'
/usr/bin/cmake -E cmake_progress_report /home/shares/public/GitHello/CMakeFiles/CMakeTmp/CMakeFiles 1
Building CXX object CMakeFiles/cmTryCompileExec1043470658.dir/src.cxx.o
/usr/bin/c++    -DHAS_CXX11_FLAG   -std=c++11 -o CMakeFiles/cmTryCompileExec1043470658.dir/src.cxx.o -c /home/shares/public/GitHello/CMakeFiles/CMakeTmp/src.cxx
Linking CXX executable cmTryCompileExec1043470658
/usr/bin/cmake -E cmake_link_script CMakeFiles/cmTryCompileExec1043470658.dir/link.txt --verbose=1
/usr/bin/c++    -DHAS_CXX11_FLAG    CMakeFiles/cmTryCompileExec1043470658.dir/src.cxx.o  -o cmTryCompileExec1043470658 -rdynamic 
make[1]: Leaving directory '/home/shares/public/GitHello/CMakeFiles/CMakeTmp'

Source file was:
int main() { return 0; }
Performing C++ SOURCE FILE Test HAS_O3_FLAG succeded with the following output:
Change Dir: /home/shares/public/GitHello/CMakeFiles/CMakeTmp

Run Build Command:"/usr/bin/make" "cmTryCompileExec1505330548/fast"
/usr/bin/make -f CMakeFiles/cmTryCompileExec1505330548.dir/build.make CMakeFiles/cmTryCompileExec1505330548.dir/build
make[1]: Entering directory '/home/shares/public/GitHello/CMakeFiles/CMakeTmp'
/usr/bin/cmake -E cmake_progress_report /home/shares/public/GitHello/CMakeFiles/CMakeTmp/CMakeFiles 1
Building CXX object CMakeFiles/cmTryCompileExec1505330548.dir/src.cxx.o
/usr/bin/c++    -DHAS_O3_FLAG   -O3 -o CMakeFiles/cmTryCompileExec1505330548.dir/src.cxx.o -c /home/shares/public/GitHello/CMakeFiles/CMakeTmp/src.cxx
Linking CXX executable cmTryCompileExec1505330548
/usr/bin/cmake -E cmake_link_script CMakeFiles/cmTryCompileExec1505330548.dir/link.txt --verbose=1
/usr/bin/c++    -DHAS_O3_FLAG    CMakeFiles/cmTryCompileExec1505330548.dir/src.cxx.o  -o cmTryCompileExec1505330548 -rdynamic 
make[1]: Leaving directory '/home/shares/public/GitHello/CMakeFiles/CMakeTmp'

Source file was:
int main() { return 0; }
